<?xml version="1.0" encoding="UTF-8"?>
<!-- Generated by org.testng.reporters.JUnitReportReporter -->
<testsuite hostname="ViNeEtH" failures="0" tests="4" name="io.test.EcommerceTest" time="41.013" errors="0" timestamp="2025-06-15T13:22:33 IST" skipped="0">
  <testcase classname="io.test.EcommerceTest" name="submitOrder" time="22.365"/>
  <system-out/>
  <testcase classname="io.test.EcommerceTest" name="ordersHistory" time="2.488"/>
  <system-out/>
  <testcase classname="io.test.EcommerceTest" name="submitOrder" time="13.648"/>
  <system-out/>
  <testcase classname="io.test.EcommerceTest" name="ordersHistory" time="2.512"/>
  <system-out/>
</testsuite> <!-- io.test.EcommerceTest -->
