<?xml version="1.0" encoding="UTF-8"?>
<!-- Generated by org.testng.reporters.JUnitReportReporter -->
<testsuite hostname="ViNeEtH" failures="0" tests="1" name="io.self.ExtentReportsDemo" time="2.273" errors="0" timestamp="2025-06-10T10:45:46 IST" skipped="0">
  <testcase classname="io.self.ExtentReportsDemo" name="initialiseBrowser" time="2.273"/>
  <system-out/>
</testsuite> <!-- io.self.ExtentReportsDemo -->
