<?xml version="1.0" encoding="UTF-8"?>
<!-- Generated by org.testng.reporters.JUnitReportReporter -->
<testsuite hostname="ViNeEtH" failures="0" tests="2" name="io.cucumber.TestNGTestRunner" time="24.529" errors="0" timestamp="2025-06-11T15:57:09 IST" skipped="0">
  <testcase classname="io.cucumber.TestNGTestRunner" name="runScenario" time="1.758"/>
  <system-out/>
  <testcase classname="io.cucumber.TestNGTestRunner" name="runScenario" time="22.771"/>
  <system-out/>
</testsuite> <!-- io.cucumber.TestNGTestRunner -->
