<?xml version="1.0" encoding="UTF-8"?>
<!-- Generated by org.testng.reporters.JUnitReportReporter -->
<testsuite hostname="ViNeEtH" failures="0" tests="3" name="io.test.EcommerceTest" time="30.765" errors="0" timestamp="2025-06-11T10:59:03 IST" skipped="0">
  <testcase classname="io.test.EcommerceTest" name="ordersHistory" time="2.202"/>
  <system-out/>
  <testcase classname="io.test.EcommerceTest" name="submitOrder" time="14.577"/>
  <system-out/>
  <testcase classname="io.test.EcommerceTest" name="submitOrder" time="13.986"/>
  <system-out/>
</testsuite> <!-- io.test.EcommerceTest -->
