<?xml version="1.0" encoding="UTF-8"?>
<!-- Generated by org.testng.reporters.JUnitReportReporter -->
<testsuite hostname="ViNeEtH" failures="0" tests="2" name="io.test.EcommerceTest" time="31.757" errors="0" timestamp="2025-06-11T16:01:32 IST" skipped="0">
  <testcase classname="io.test.EcommerceTest" name="submitOrder" time="16.864"/>
  <system-out/>
  <testcase classname="io.test.EcommerceTest" name="submitOrder" time="14.893"/>
  <system-out/>
</testsuite> <!-- io.test.EcommerceTest -->
