<?xml version="1.0" encoding="UTF-8"?>
<!-- Generated by org.testng.reporters.JUnitReportReporter -->
<testsuite hostname="ViNeEtH" failures="0" tests="2" name="io.cucumber.TestNGTestRunner" time="30.767" errors="0" timestamp="2025-06-11T16:09:58 IST" skipped="0">
  <testcase classname="io.cucumber.TestNGTestRunner" name="runScenario" time="26.300"/>
  <system-out/>
  <testcase classname="io.cucumber.TestNGTestRunner" name="runScenario" time="4.467"/>
  <system-out/>
</testsuite> <!-- io.cucumber.TestNGTestRunner -->
